1 Italian 
2 English 
3 English 
4 French 
5 French 
6 English 
7 English 
8 English 
9 French 
10 French 
11 English 
12 English 
13 English 
14 English 
15 French 
16 English 
17 French 
18 French 
19 English 
20 English 
21 English 
22 French 
23 English 
24 French 
25 English 
26 English 
27 English 
28 English 
29 English 
30 English 
31 English 
32 English 
33 English 
34 French 
35 French 
36 English 
37 French 
38 English 
39 French 
40 English 
41 English 
42 French 
43 Italian 
44 English 
45 French 
46 English 
47 French 
48 English 
49 French 
50 English 
51 English 
52 English 
53 Italian 
54 English 
55 English 
56 English 
57 English 
58 English 
59 French 
60 French 
61 Italian 
62 French 
63 English 
64 Italian 
65 English 
66 French 
67 French 
68 English 
69 Italian 
70 English 
71 English 
72 Italian 
73 English 
74 English 
75 English 
76 English 
77 English 
78 Italian 
79 French 
80 English 
81 English 
82 English 
83 Italian 
84 English 
85 Italian 
86 English 
87 English 
88 English 
89 English 
90 French 
91 Italian 
92 English 
93 French 
94 English 
95 English 
96 English 
97 English 
98 English 
99 French 
100 English 
101 French 
102 English 
103 English 
104 English 
105 French 
106 French 
107 French 
108 French 
109 French 
110 French 
111 French 
112 French 
113 English 
114 English 
115 French 
116 English 
117 English 
118 English 
119 English 
120 Italian 
121 English 
122 English 
123 English 
124 English 
125 English 
126 French 
127 English 
128 English 
129 French 
130 Italian 
131 French 
132 French 
133 French 
134 English 
135 Italian 
136 French 
137 English 
138 French 
139 French 
140 English 
141 French 
142 English 
143 English 
144 French 
145 English 
146 French 
147 French 
148 English 
149 English 
150 French 
151 Italian 
152 English 
153 English 
154 French 
155 English 
156 English 
157 French 
158 French 
159 English 
160 English 
161 French 
162 English 
163 English 
164 French 
165 English 
166 English 
167 French 
168 English 
169 English 
170 English 
171 English 
172 Italian 
173 French 
174 English 
175 English 
176 French 
177 English 
178 English 
179 French 
180 English 
181 Italian 
182 French 
183 French 
184 Italian 
185 French 
186 English 
187 Italian 
188 French 
189 French 
190 English 
191 French 
192 English 
193 French 
194 English 
195 French 
196 English 
197 French 
198 French 
199 Italian 
200 Italian 
201 English 
202 English 
203 English 
204 English 
205 French 
206 English 
207 English 
208 French 
209 English 
210 French 
211 Italian 
212 French 
213 French 
214 English 
215 English 
216 English 
217 English 
218 French 
219 French 
220 English 
221 French 
222 English 
223 English 
224 English 
225 Italian 
226 English 
227 English 
228 English 
229 English 
230 English 
231 English 
232 English 
233 English 
234 English 
235 French 
236 English 
237 English 
238 English 
239 English 
240 French 
241 French 
242 Italian 
243 English 
244 English 
245 English 
246 English 
247 English 
248 English 
249 English 
250 English 
251 English 
252 French 
253 English 
254 English 
255 English 
256 English 
257 Italian 
258 English 
259 English 
260 English 
261 Italian 
262 English 
263 Italian 
264 French 
265 English 
266 French 
267 French 
268 Italian 
269 English 
270 French 
271 English 
272 French 
273 English 
274 English 
275 English 
276 French 
277 English 
278 English 
279 French 
280 French 
281 English 
282 English 
283 French 
284 English 
285 French 
286 French 
287 English 
288 French 
289 Italian 
290 English 
291 French 
292 French 
293 French 
294 English 
295 French 
296 French 
297 English 
298 English 
299 French 
300 English 
